2020-03-25 16:24:27.581 [ restartedMain ] - [ INFO  ] [ com.cczu.ddd.helloworldmain : 48 ] - Starting helloworldmain on 丁丁丁冲鸭 with PID 10356 (D:\javaworkspace\springbootapplication\target\classes started by dingdingding in D:\javaworkspace\springbootapplication)
2020-03-25 16:24:27.583 [ restartedMain ] - [ DEBUG ] [ com.cczu.ddd.helloworldmain : 51 ] - Running with Spring Boot v1.5.9.RELEASE, Spring v4.3.13.RELEASE
2020-03-25 16:24:27.583 [ restartedMain ] - [ INFO  ] [ com.cczu.ddd.helloworldmain : 593 ] - No active profile set, falling back to default profiles: default
2020-03-25 16:24:27.747 [ background-preinit ] - [ INFO  ] [ org.hibernate.validator.internal.util.Version : 30 ] - HV000001: Hibernate Validator 5.3.6.Final
2020-03-25 16:24:28.282 [ restartedMain ] - [ WARN  ] [ org.mybatis.spring.mapper.ClassPathMapperScanner : 166 ] - No MyBatis mapper was found in '[com.cczu.ddd.mapper]' package. Please check your configuration.
2020-03-25 16:24:28.395 [ restartedMain ] - [ WARN  ] [ org.mybatis.spring.mapper.ClassPathMapperScanner : 166 ] - No MyBatis mapper was found in '[com.cczu.ddd]' package. Please check your configuration.
2020-03-25 16:24:29.372 [ restartedMain ] - [ INFO  ] [ org.apache.catalina.core.StandardService : 179 ] - Starting service [Tomcat]
2020-03-25 16:24:29.373 [ restartedMain ] - [ INFO  ] [ org.apache.catalina.core.StandardEngine : 179 ] - Starting Servlet Engine: Apache Tomcat/8.5.23
2020-03-25 16:24:29.536 [ localhost-startStop-1 ] - [ INFO  ] [ o.a.c.c.C.[Tomcat].[localhost].[/springboot] : 179 ] - Initializing Spring embedded WebApplicationContext
2020-03-25 16:24:30.289 [ restartedMain ] - [ INFO  ] [ org.hibernate.jpa.internal.util.LogHelper : 31 ] - HHH000204: Processing PersistenceUnitInfo [
	name: default
	...]
2020-03-25 16:24:30.355 [ restartedMain ] - [ INFO  ] [ org.hibernate.Version : 37 ] - HHH000412: Hibernate Core {5.0.12.Final}
2020-03-25 16:24:30.357 [ restartedMain ] - [ INFO  ] [ org.hibernate.cfg.Environment : 213 ] - HHH000206: hibernate.properties not found
2020-03-25 16:24:30.358 [ restartedMain ] - [ INFO  ] [ org.hibernate.cfg.Environment : 317 ] - HHH000021: Bytecode provider name : javassist
2020-03-25 16:24:30.404 [ restartedMain ] - [ INFO  ] [ org.hibernate.annotations.common.Version : 66 ] - HCANN000001: Hibernate Commons Annotations {5.0.1.Final}
2020-03-25 16:24:30.615 [ restartedMain ] - [ INFO  ] [ org.hibernate.dialect.Dialect : 156 ] - HHH000400: Using dialect: org.hibernate.dialect.MySQL5Dialect
2020-03-25 16:24:30.637 [ restartedMain ] - [ INFO  ] [ o.h.engine.jdbc.env.internal.LobCreatorBuilderImpl : 98 ] - HHH000423: Disabling contextual LOB creation as JDBC driver reported JDBC version [3] less than 4
2020-03-25 16:24:32.390 [ restartedMain ] - [ INFO  ] [ org.apache.activemq.util.IdGenerator : 164 ] - Sanitized hostname from: 丁丁丁冲鸭 to: 
2020-03-25 16:24:33.695 [ restartedMain ] - [ INFO  ] [ org.apache.coyote.http11.Http11NioProtocol : 179 ] - Initializing ProtocolHandler ["http-nio-80"]
2020-03-25 16:24:33.705 [ restartedMain ] - [ INFO  ] [ org.apache.coyote.http11.Http11NioProtocol : 179 ] - Starting ProtocolHandler ["http-nio-80"]
2020-03-25 16:24:33.716 [ restartedMain ] - [ INFO  ] [ org.apache.tomcat.util.net.NioSelectorPool : 179 ] - Using a shared selector for servlet write/read
2020-03-25 16:24:33.737 [ restartedMain ] - [ INFO  ] [ com.cczu.ddd.helloworldmain : 57 ] - Started helloworldmain in 6.453 seconds (JVM running for 7.882)
2020-03-25 16:26:58.318 [ restartedMain ] - [ INFO  ] [ com.cczu.ddd.helloworldmain : 48 ] - Starting helloworldmain on 丁丁丁冲鸭 with PID 10180 (D:\javaworkspace\springbootapplication\target\classes started by dingdingding in D:\javaworkspace\springbootapplication)
2020-03-25 16:26:58.319 [ restartedMain ] - [ DEBUG ] [ com.cczu.ddd.helloworldmain : 51 ] - Running with Spring Boot v1.5.9.RELEASE, Spring v4.3.13.RELEASE
2020-03-25 16:26:58.319 [ restartedMain ] - [ INFO  ] [ com.cczu.ddd.helloworldmain : 593 ] - No active profile set, falling back to default profiles: default
2020-03-25 16:26:58.481 [ background-preinit ] - [ INFO  ] [ org.hibernate.validator.internal.util.Version : 30 ] - HV000001: Hibernate Validator 5.3.6.Final
2020-03-25 16:26:59.121 [ restartedMain ] - [ WARN  ] [ org.mybatis.spring.mapper.ClassPathMapperScanner : 166 ] - No MyBatis mapper was found in '[com.cczu.ddd.mapper]' package. Please check your configuration.
2020-03-25 16:26:59.237 [ restartedMain ] - [ WARN  ] [ org.mybatis.spring.mapper.ClassPathMapperScanner : 166 ] - No MyBatis mapper was found in '[com.cczu.ddd]' package. Please check your configuration.
2020-03-25 16:27:00.288 [ restartedMain ] - [ INFO  ] [ org.apache.catalina.core.StandardService : 179 ] - Starting service [Tomcat]
2020-03-25 16:27:00.290 [ restartedMain ] - [ INFO  ] [ org.apache.catalina.core.StandardEngine : 179 ] - Starting Servlet Engine: Apache Tomcat/8.5.23
2020-03-25 16:27:00.554 [ localhost-startStop-1 ] - [ INFO  ] [ o.a.c.c.C.[Tomcat].[localhost].[/springboot] : 179 ] - Initializing Spring embedded WebApplicationContext
2020-03-25 16:27:01.538 [ restartedMain ] - [ INFO  ] [ org.hibernate.jpa.internal.util.LogHelper : 31 ] - HHH000204: Processing PersistenceUnitInfo [
	name: default
	...]
2020-03-25 16:27:01.609 [ restartedMain ] - [ INFO  ] [ org.hibernate.Version : 37 ] - HHH000412: Hibernate Core {5.0.12.Final}
2020-03-25 16:27:01.611 [ restartedMain ] - [ INFO  ] [ org.hibernate.cfg.Environment : 213 ] - HHH000206: hibernate.properties not found
2020-03-25 16:27:01.612 [ restartedMain ] - [ INFO  ] [ org.hibernate.cfg.Environment : 317 ] - HHH000021: Bytecode provider name : javassist
2020-03-25 16:27:01.657 [ restartedMain ] - [ INFO  ] [ org.hibernate.annotations.common.Version : 66 ] - HCANN000001: Hibernate Commons Annotations {5.0.1.Final}
2020-03-25 16:27:01.841 [ restartedMain ] - [ INFO  ] [ org.hibernate.dialect.Dialect : 156 ] - HHH000400: Using dialect: org.hibernate.dialect.MySQL5Dialect
2020-03-25 16:27:01.862 [ restartedMain ] - [ INFO  ] [ o.h.engine.jdbc.env.internal.LobCreatorBuilderImpl : 98 ] - HHH000423: Disabling contextual LOB creation as JDBC driver reported JDBC version [3] less than 4
2020-03-25 16:27:03.683 [ restartedMain ] - [ INFO  ] [ org.apache.activemq.util.IdGenerator : 164 ] - Sanitized hostname from: 丁丁丁冲鸭 to: 
2020-03-25 16:27:04.192 [ restartedMain ] - [ INFO  ] [ org.apache.coyote.http11.Http11NioProtocol : 179 ] - Initializing ProtocolHandler ["http-nio-80"]
2020-03-25 16:27:04.199 [ restartedMain ] - [ INFO  ] [ org.apache.coyote.http11.Http11NioProtocol : 179 ] - Starting ProtocolHandler ["http-nio-80"]
2020-03-25 16:27:04.209 [ restartedMain ] - [ INFO  ] [ org.apache.tomcat.util.net.NioSelectorPool : 179 ] - Using a shared selector for servlet write/read
2020-03-25 16:27:04.227 [ restartedMain ] - [ INFO  ] [ com.cczu.ddd.helloworldmain : 57 ] - Started helloworldmain in 6.232 seconds (JVM running for 7.659)
2020-03-25 16:27:05.001 [ pool-2-thread-1 ] - [ INFO  ] [ com.cczu.ddd.service.OntimeService : 21 ] - 操作类型:更新,这是定时info
2020-03-25 16:27:05.001 [ pool-2-thread-1 ] - [ WARN  ] [ com.cczu.ddd.service.OntimeService : 22 ] - 操作类型:添加,这是定时warn
2020-03-25 16:27:05.001 [ pool-2-thread-1 ] - [ ERROR ] [ com.cczu.ddd.service.OntimeService : 23 ] - 操作类型:删除,这是定时error
2020-03-25 16:27:10.003 [ pool-2-thread-1 ] - [ INFO  ] [ com.cczu.ddd.service.OntimeService : 21 ] - 操作类型:更新,这是定时info
2020-03-25 16:27:10.004 [ pool-2-thread-1 ] - [ WARN  ] [ com.cczu.ddd.service.OntimeService : 22 ] - 操作类型:添加,这是定时warn
2020-03-25 16:27:10.004 [ pool-2-thread-1 ] - [ ERROR ] [ com.cczu.ddd.service.OntimeService : 23 ] - 操作类型:删除,这是定时error
2020-03-25 16:27:15.002 [ pool-2-thread-1 ] - [ INFO  ] [ com.cczu.ddd.service.OntimeService : 21 ] - 操作类型:更新,这是定时info
2020-03-25 16:27:15.005 [ pool-2-thread-1 ] - [ WARN  ] [ com.cczu.ddd.service.OntimeService : 22 ] - 操作类型:添加,这是定时warn
2020-03-25 16:27:15.006 [ pool-2-thread-1 ] - [ ERROR ] [ com.cczu.ddd.service.OntimeService : 23 ] - 操作类型:删除,这是定时error
2020-03-25 16:27:20.002 [ pool-2-thread-1 ] - [ INFO  ] [ com.cczu.ddd.service.OntimeService : 21 ] - 操作类型:更新,这是定时info
2020-03-25 16:27:20.003 [ pool-2-thread-1 ] - [ WARN  ] [ com.cczu.ddd.service.OntimeService : 22 ] - 操作类型:添加,这是定时warn
2020-03-25 16:27:20.003 [ pool-2-thread-1 ] - [ ERROR ] [ com.cczu.ddd.service.OntimeService : 23 ] - 操作类型:删除,这是定时error
2020-03-25 16:52:48.580 [ restartedMain ] - [ INFO  ] [ com.cczu.ddd.helloworldmain : 48 ] - Starting helloworldmain on 丁丁丁冲鸭 with PID 1248 (D:\javaworkspace\springbootapplication\target\classes started by dingdingding in D:\javaworkspace\springbootapplication)
2020-03-25 16:52:48.583 [ restartedMain ] - [ DEBUG ] [ com.cczu.ddd.helloworldmain : 51 ] - Running with Spring Boot v1.5.9.RELEASE, Spring v4.3.13.RELEASE
2020-03-25 16:52:48.586 [ restartedMain ] - [ INFO  ] [ com.cczu.ddd.helloworldmain : 593 ] - No active profile set, falling back to default profiles: default
2020-03-25 16:52:49.061 [ background-preinit ] - [ INFO  ] [ org.hibernate.validator.internal.util.Version : 30 ] - HV000001: Hibernate Validator 5.3.6.Final
2020-03-25 16:52:49.743 [ restartedMain ] - [ WARN  ] [ org.mybatis.spring.mapper.ClassPathMapperScanner : 166 ] - No MyBatis mapper was found in '[com.cczu.ddd.mapper]' package. Please check your configuration.
2020-03-25 16:52:49.878 [ restartedMain ] - [ WARN  ] [ org.mybatis.spring.mapper.ClassPathMapperScanner : 166 ] - No MyBatis mapper was found in '[com.cczu.ddd]' package. Please check your configuration.
2020-03-25 16:52:51.159 [ restartedMain ] - [ INFO  ] [ org.apache.catalina.core.StandardService : 179 ] - Starting service [Tomcat]
2020-03-25 16:52:51.160 [ restartedMain ] - [ INFO  ] [ org.apache.catalina.core.StandardEngine : 179 ] - Starting Servlet Engine: Apache Tomcat/8.5.23
2020-03-25 16:52:51.327 [ localhost-startStop-1 ] - [ INFO  ] [ o.a.c.c.C.[Tomcat].[localhost].[/springboot] : 179 ] - Initializing Spring embedded WebApplicationContext
2020-03-25 16:52:52.208 [ restartedMain ] - [ INFO  ] [ org.hibernate.jpa.internal.util.LogHelper : 31 ] - HHH000204: Processing PersistenceUnitInfo [
	name: default
	...]
2020-03-25 16:52:52.381 [ restartedMain ] - [ INFO  ] [ org.hibernate.Version : 37 ] - HHH000412: Hibernate Core {5.0.12.Final}
2020-03-25 16:52:52.383 [ restartedMain ] - [ INFO  ] [ org.hibernate.cfg.Environment : 213 ] - HHH000206: hibernate.properties not found
2020-03-25 16:52:52.384 [ restartedMain ] - [ INFO  ] [ org.hibernate.cfg.Environment : 317 ] - HHH000021: Bytecode provider name : javassist
2020-03-25 16:52:52.421 [ restartedMain ] - [ INFO  ] [ org.hibernate.annotations.common.Version : 66 ] - HCANN000001: Hibernate Commons Annotations {5.0.1.Final}
2020-03-25 16:52:52.555 [ restartedMain ] - [ INFO  ] [ org.hibernate.dialect.Dialect : 156 ] - HHH000400: Using dialect: org.hibernate.dialect.MySQL5Dialect
2020-03-25 16:52:52.578 [ restartedMain ] - [ INFO  ] [ o.h.engine.jdbc.env.internal.LobCreatorBuilderImpl : 98 ] - HHH000423: Disabling contextual LOB creation as JDBC driver reported JDBC version [3] less than 4
2020-03-25 16:52:53.044 [ restartedMain ] - [ INFO  ] [ org.apache.catalina.core.StandardService : 179 ] - Stopping service [Tomcat]
